Using pre-set license
Built from '2021.3/staging' branch; Version is '2021.3.24f1 (cf10dcf7010d) revision 13570268'; Using compiler version '192829333'; Build Type 'Release'
OS: 'Windows 10  (10.0.19045) 64bit Professional' Language: 'en' Physical Memory: 16257 MB
BatchMode: 1, IsHumanControllingUs: 0, StartBugReporterOnCrash: 0, Is64bit: 1, IsPro: 1

COMMAND LINE ARGUMENTS:
C:\Program Files\Unity\Hub\Editor\2021.3.24f1\Editor\Unity.exe
-adb2
-batchMode
-noUpm
-name
AssetImportWorker2
-projectPath
C:/GovHack/Git repo/WasteRace
-logFile
Logs/AssetImportWorker2.log
-srvPort
54717
Successfully changed project path to: C:/GovHack/Git repo/WasteRace
C:/GovHack/Git repo/WasteRace
[UnityMemory] Configuration Parameters - Can be set up in boot.config
    "memorysetup-bucket-allocator-granularity=16"
    "memorysetup-bucket-allocator-bucket-count=8"
    "memorysetup-bucket-allocator-block-size=33554432"
    "memorysetup-bucket-allocator-block-count=8"
    "memorysetup-main-allocator-block-size=16777216"
    "memorysetup-thread-allocator-block-size=16777216"
    "memorysetup-gfx-main-allocator-block-size=16777216"
    "memorysetup-gfx-thread-allocator-block-size=16777216"
    "memorysetup-cache-allocator-block-size=4194304"
    "memorysetup-typetree-allocator-block-size=2097152"
    "memorysetup-profiler-bucket-allocator-granularity=16"
    "memorysetup-profiler-bucket-allocator-bucket-count=8"
    "memorysetup-profiler-bucket-allocator-block-size=33554432"
    "memorysetup-profiler-bucket-allocator-block-count=8"
    "memorysetup-profiler-allocator-block-size=16777216"
    "memorysetup-profiler-editor-allocator-block-size=1048576"
    "memorysetup-temp-allocator-size-main=16777216"
    "memorysetup-job-temp-allocator-block-size=2097152"
    "memorysetup-job-temp-allocator-block-size-background=1048576"
    "memorysetup-job-temp-allocator-reduction-small-platforms=262144"
    "memorysetup-temp-allocator-size-background-worker=32768"
    "memorysetup-temp-allocator-size-job-worker=262144"
    "memorysetup-temp-allocator-size-preload-manager=33554432"
    "memorysetup-temp-allocator-size-nav-mesh-worker=65536"
    "memorysetup-temp-allocator-size-audio-worker=65536"
    "memorysetup-temp-allocator-size-cloud-worker=32768"
    "memorysetup-temp-allocator-size-gi-baking-worker=262144"
    "memorysetup-temp-allocator-size-gfx=262144"
Player connection [17144] Host "[IP] 172.22.192.1 [Port] 0 [Flags] 2 [Guid] 1990812104 [EditorId] 1990812104 [Version] 1048832 [Id] WindowsEditor(7,DESKTOP-S8F86O1) [Debug] 1 [PackageName] WindowsEditor [ProjectName] Editor" joined multi-casting on [225.0.0.222:54997]...

Player connection [17144] Host "[IP] 172.22.192.1 [Port] 0 [Flags] 2 [Guid] 1990812104 [EditorId] 1990812104 [Version] 1048832 [Id] WindowsEditor(7,DESKTOP-S8F86O1) [Debug] 1 [PackageName] WindowsEditor [ProjectName] Editor" joined alternative multi-casting on [225.0.0.222:34997]...

Refreshing native plugins compatible for Editor in 119.13 ms, found 3 plugins.
Preloading 0 native plugins for Editor in 0.00 ms.
Initialize engine version: 2021.3.24f1 (cf10dcf7010d)
[Subsystems] Discovering subsystems at path C:/Program Files/Unity/Hub/Editor/2021.3.24f1/Editor/Data/Resources/UnitySubsystems
[Subsystems] Discovering subsystems at path C:/GovHack/Git repo/WasteRace/Assets
GfxDevice: creating device client; threaded=0; jobified=0
Direct3D:
    Version:  Direct3D 11.0 [level 11.1]
    Renderer: NVIDIA GeForce GTX 1060 (ID=0x1c20)
    Vendor:   NVIDIA
    VRAM:     6043 MB
    Driver:   31.0.15.2698
Initialize mono
Mono path[0] = 'C:/Program Files/Unity/Hub/Editor/2021.3.24f1/Editor/Data/Managed'
Mono path[1] = 'C:/Program Files/Unity/Hub/Editor/2021.3.24f1/Editor/Data/MonoBleedingEdge/lib/mono/unityjit-win32'
Mono config path = 'C:/Program Files/Unity/Hub/Editor/2021.3.24f1/Editor/Data/MonoBleedingEdge/etc'
Using monoOptions --debugger-agent=transport=dt_socket,embedding=1,server=y,suspend=n,address=127.0.0.1:56008
Begin MonoManager ReloadAssembly
Registering precompiled unity dll's ...
Register platform support module: C:/Program Files/Unity/Hub/Editor/2021.3.24f1/Editor/Data/PlaybackEngines/WebGLSupport/UnityEditor.WebGL.Extensions.dll
Register platform support module: C:/Program Files/Unity/Hub/Editor/2021.3.24f1/Editor/Data/PlaybackEngines/WindowsStandaloneSupport/UnityEditor.WindowsStandalone.Extensions.dll
Register platform support module: C:/Program Files/Unity/Hub/Editor/2021.3.24f1/Editor/Data/PlaybackEngines/MetroSupport/UnityEditor.UWP.Extensions.dll
Registered in 0.014680 seconds.
Native extension for UWP target not found
Native extension for WindowsStandalone target not found
Native extension for WebGL target not found
Refreshing native plugins compatible for Editor in 115.16 ms, found 3 plugins.
Preloading 0 native plugins for Editor in 0.00 ms.
Mono: successfully reloaded assembly
- Completed reload, in  1.090 seconds
Domain Reload Profiling:
	ReloadAssembly (1091ms)
		BeginReloadAssembly (155ms)
			ExecutionOrderSort (0ms)
			DisableScriptedObjects (0ms)
			BackupInstance (0ms)
			ReleaseScriptingObjects (0ms)
			CreateAndSetChildDomain (1ms)
		EndReloadAssembly (770ms)
			LoadAssemblies (152ms)
			RebuildTransferFunctionScriptingTraits (0ms)
			SetupTypeCache (209ms)
			ReleaseScriptCaches (0ms)
			RebuildScriptCaches (45ms)
			SetupLoadedEditorAssemblies (439ms)
				LogAssemblyErrors (0ms)
				InitializePlatformSupportModulesInManaged (18ms)
				SetLoadedEditorAssemblies (0ms)
				RefreshPlugins (115ms)
				BeforeProcessingInitializeOnLoad (2ms)
				ProcessInitializeOnLoadAttributes (231ms)
				ProcessInitializeOnLoadMethodAttributes (73ms)
				AfterProcessingInitializeOnLoad (0ms)
				EditorAssembliesLoaded (0ms)
			ExecutionOrderSort2 (0ms)
			AwakeInstancesAfterBackupRestoration (0ms)
Platform modules already initialized, skipping
Registering precompiled user dll's ...
Registered in 0.009572 seconds.
Begin MonoManager ReloadAssembly
Symbol file LoadedFromMemory doesn't match image C:\GovHack\Git repo\WasteRace\Library\PackageCache\com.unity.visualscripting@1.8.0\Editor\VisualScripting.Core\Dependencies\YamlDotNet\Unity.VisualScripting.YamlDotNet.dll
Symbol file LoadedFromMemory doesn't match image C:\GovHack\Git repo\WasteRace\Library\PackageCache\com.unity.visualscripting@1.8.0\Editor\VisualScripting.Core\Dependencies\DotNetZip\Unity.VisualScripting.IonicZip.dll
Native extension for UWP target not found
Native extension for WindowsStandalone target not found
Native extension for WebGL target not found
Refreshing native plugins compatible for Editor in 1.19 ms, found 3 plugins.
Preloading 0 native plugins for Editor in 0.00 ms.
Mono: successfully reloaded assembly
- Completed reload, in  2.014 seconds
Domain Reload Profiling:
	ReloadAssembly (2015ms)
		BeginReloadAssembly (202ms)
			ExecutionOrderSort (0ms)
			DisableScriptedObjects (10ms)
			BackupInstance (0ms)
			ReleaseScriptingObjects (0ms)
			CreateAndSetChildDomain (28ms)
		EndReloadAssembly (1604ms)
			LoadAssemblies (199ms)
			RebuildTransferFunctionScriptingTraits (0ms)
			SetupTypeCache (640ms)
			ReleaseScriptCaches (1ms)
			RebuildScriptCaches (108ms)
			SetupLoadedEditorAssemblies (592ms)
				LogAssemblyErrors (0ms)
				InitializePlatformSupportModulesInManaged (19ms)
				SetLoadedEditorAssemblies (1ms)
				RefreshPlugins (1ms)
				BeforeProcessingInitializeOnLoad (170ms)
				ProcessInitializeOnLoadAttributes (354ms)
				ProcessInitializeOnLoadMethodAttributes (31ms)
				AfterProcessingInitializeOnLoad (16ms)
				EditorAssembliesLoaded (0ms)
			ExecutionOrderSort2 (0ms)
			AwakeInstancesAfterBackupRestoration (16ms)
Platform modules already initialized, skipping
========================================================================
Worker process is ready to serve import requests
Launched and connected shader compiler UnityShaderCompiler.exe after 0.11 seconds
Refreshing native plugins compatible for Editor in 0.97 ms, found 3 plugins.
Preloading 0 native plugins for Editor in 0.00 ms.
Unloading 3075 Unused Serialized files (Serialized files now loaded: 0)
Unloading 24 unused Assets / (113.5 KB). Loaded Objects now: 3552.
Memory consumption went from 122.8 MB to 122.7 MB.
Total: 9.273800 ms (FindLiveObjects: 0.454800 ms CreateObjectMapping: 0.429000 ms MarkObjects: 8.191400 ms  DeleteObjects: 0.197000 ms)

AssetImportParameters requested are different than current active one (requested -> active):
  custom:video-decoder-ogg-theora: a1e56fd34408186e4bbccfd4996cb3dc -> 
  custom:container-muxer-webm: aa71ff27fc2769a1b78a27578f13a17b -> 
  custom:container-demuxer-webm: 4f35f7cbe854078d1ac9338744f61a02 -> 
  custom:video-encoder-webm-vp8: eb34c28f22e8b96e1ab97ce403110664 -> 
  custom:video-codec-MediaFoundation-h265: e54d7ab0439102e2317fc1e4b246158d -> 
  custom:audio-encoder-webm-vorbis: bf7c407c2cedff20999df2af8eb42d56 -> 
  custom:framework-win-MediaFoundation: 216162199b28c13a410421893ffa2e32 -> 
  custom:container-demuxer-ogg: 62fdf1f143b41e24485cea50d1cbac27 -> 
  custom:video-decoder-webm-vp8: 9c59270c3fd7afecdb556c50c9e8de78 -> 
  custom:audio-decoder-ogg-vorbis: bf7c407c2cedff20999df2af8eb42d56 -> 
========================================================================
Received Prepare
Registering precompiled user dll's ...
Registered in 0.011991 seconds.
Begin MonoManager ReloadAssembly
Symbol file LoadedFromMemory doesn't match image C:\GovHack\Git repo\WasteRace\Library\PackageCache\com.unity.visualscripting@1.8.0\Editor\VisualScripting.Core\Dependencies\YamlDotNet\Unity.VisualScripting.YamlDotNet.dll
Symbol file LoadedFromMemory doesn't match image C:\GovHack\Git repo\WasteRace\Library\PackageCache\com.unity.visualscripting@1.8.0\Editor\VisualScripting.Core\Dependencies\DotNetZip\Unity.VisualScripting.IonicZip.dll
Native extension for UWP target not found
Native extension for WindowsStandalone target not found
Native extension for WebGL target not found
Refreshing native plugins compatible for Editor in 1.37 ms, found 3 plugins.
Preloading 0 native plugins for Editor in 0.00 ms.
Mono: successfully reloaded assembly
- Completed reload, in  2.222 seconds
Domain Reload Profiling:
	ReloadAssembly (2223ms)
		BeginReloadAssembly (263ms)
			ExecutionOrderSort (0ms)
			DisableScriptedObjects (12ms)
			BackupInstance (0ms)
			ReleaseScriptingObjects (0ms)
			CreateAndSetChildDomain (64ms)
		EndReloadAssembly (1751ms)
			LoadAssemblies (176ms)
			RebuildTransferFunctionScriptingTraits (0ms)
			SetupTypeCache (616ms)
			ReleaseScriptCaches (3ms)
			RebuildScriptCaches (94ms)
			SetupLoadedEditorAssemblies (764ms)
				LogAssemblyErrors (0ms)
				InitializePlatformSupportModulesInManaged (21ms)
				SetLoadedEditorAssemblies (1ms)
				RefreshPlugins (1ms)
				BeforeProcessingInitializeOnLoad (157ms)
				ProcessInitializeOnLoadAttributes (518ms)
				ProcessInitializeOnLoadMethodAttributes (46ms)
				AfterProcessingInitializeOnLoad (18ms)
				EditorAssembliesLoaded (1ms)
			ExecutionOrderSort2 (0ms)
			AwakeInstancesAfterBackupRestoration (23ms)
Platform modules already initialized, skipping
Refreshing native plugins compatible for Editor in 5.04 ms, found 3 plugins.
Preloading 0 native plugins for Editor in 0.00 ms.
Unloading 3057 Unused Serialized files (Serialized files now loaded: 0)
Unloading 17 unused Assets / (79.9 KB). Loaded Objects now: 3555.
Memory consumption went from 121.4 MB to 121.3 MB.
Total: 12.336500 ms (FindLiveObjects: 1.090900 ms CreateObjectMapping: 0.486700 ms MarkObjects: 10.543400 ms  DeleteObjects: 0.212900 ms)

AssetImportParameters requested are different than current active one (requested -> active):
  custom:video-decoder-ogg-theora: a1e56fd34408186e4bbccfd4996cb3dc -> 
  custom:container-muxer-webm: aa71ff27fc2769a1b78a27578f13a17b -> 
  custom:container-demuxer-webm: 4f35f7cbe854078d1ac9338744f61a02 -> 
  custom:video-encoder-webm-vp8: eb34c28f22e8b96e1ab97ce403110664 -> 
  custom:video-codec-MediaFoundation-h265: e54d7ab0439102e2317fc1e4b246158d -> 
  custom:audio-encoder-webm-vorbis: bf7c407c2cedff20999df2af8eb42d56 -> 
  custom:framework-win-MediaFoundation: 216162199b28c13a410421893ffa2e32 -> 
  custom:container-demuxer-ogg: 62fdf1f143b41e24485cea50d1cbac27 -> 
  custom:video-decoder-webm-vp8: 9c59270c3fd7afecdb556c50c9e8de78 -> 
  custom:audio-decoder-ogg-vorbis: bf7c407c2cedff20999df2af8eb42d56 -> 
========================================================================
Received Import Request.
  Time since last request: 635169.454967 seconds.
  path: Assets/3D
  artifactKey: Guid(13857b2660bb4704eaf668a9335873da) Importer(815301076,1909f56bfc062723c751e8b465ee728b)
Start importing Assets/3D using Guid(13857b2660bb4704eaf668a9335873da) Importer(815301076,1909f56bfc062723c751e8b465ee728b)  -> (artifact id: 'bf3dda48b80232467972435bbdbc5aec') in 0.451010 seconds 
========================================================================
Received Import Request.
  Time since last request: 0.000333 seconds.
  path: Assets/3D/item7.fbx
  artifactKey: Guid(ec5fa010975f35b4181dca1f2cc27a0f) Importer(815301076,1909f56bfc062723c751e8b465ee728b)
Start importing Assets/3D/item7.fbx using Guid(ec5fa010975f35b4181dca1f2cc27a0f) Importer(815301076,1909f56bfc062723c751e8b465ee728b)  -> (artifact id: 'd104da43f68187f9758ac2e3783c14e6') in 1.144102 seconds 
========================================================================
Received Import Request.
  Time since last request: 0.000079 seconds.
  path: Assets/3D/item3.fbx
  artifactKey: Guid(1e8bf86eeb64b0743ab7491fc2f12962) Importer(815301076,1909f56bfc062723c751e8b465ee728b)
Start importing Assets/3D/item3.fbx using Guid(1e8bf86eeb64b0743ab7491fc2f12962) Importer(815301076,1909f56bfc062723c751e8b465ee728b)  -> (artifact id: 'd031d581ce5914e8e4a25e9359856398') in 0.297710 seconds 
========================================================================
Received Import Request.
  Time since last request: 0.000058 seconds.
  path: Assets/3D/item4.fbx
  artifactKey: Guid(378318c520c66ae4e84fb89eb91d0962) Importer(815301076,1909f56bfc062723c751e8b465ee728b)
Start importing Assets/3D/item4.fbx using Guid(378318c520c66ae4e84fb89eb91d0962) Importer(815301076,1909f56bfc062723c751e8b465ee728b)  -> (artifact id: '41ee6de207d743811fd45f7fa85f732c') in 0.327173 seconds 
========================================================================
Received Import Request.
  Time since last request: 0.000060 seconds.
  path: Assets/3D/item1.fbx
  artifactKey: Guid(2caea51b9ddb92743bdb0d2e6b638b9d) Importer(815301076,1909f56bfc062723c751e8b465ee728b)
Start importing Assets/3D/item1.fbx using Guid(2caea51b9ddb92743bdb0d2e6b638b9d) Importer(815301076,1909f56bfc062723c751e8b465ee728b)  -> (artifact id: '6a63000cc69ef0805469b9d6dfae1dc3') in 0.376572 seconds 
========================================================================
Received Import Request.
  Time since last request: 0.000042 seconds.
  path: Assets/3D/TheCar.fbx
  artifactKey: Guid(367f8e66261709544941f734e2fde35a) Importer(815301076,1909f56bfc062723c751e8b465ee728b)
Start importing Assets/3D/TheCar.fbx using Guid(367f8e66261709544941f734e2fde35a) Importer(815301076,1909f56bfc062723c751e8b465ee728b)  -> (artifact id: 'c1ba3db1de2e70d4f96cf7c643fd3036') in 0.077354 seconds 
========================================================================
Received Import Request.
  Time since last request: 0.000055 seconds.
  path: Assets/3D/free_car_001.fbx
  artifactKey: Guid(a2e70a5ab24afe541a43967565502bb8) Importer(815301076,1909f56bfc062723c751e8b465ee728b)
Start importing Assets/3D/free_car_001.fbx using Guid(a2e70a5ab24afe541a43967565502bb8) Importer(815301076,1909f56bfc062723c751e8b465ee728b)  -> (artifact id: 'd2c9cf70fbeb7ab65e580c43b4363de6') in 0.215753 seconds 
========================================================================
Received Import Request.
  Time since last request: 0.000055 seconds.
  path: Assets/3D/item6.fbx
  artifactKey: Guid(bf35856cd2565604b8f8f3ee7af8d6ca) Importer(815301076,1909f56bfc062723c751e8b465ee728b)
Start importing Assets/3D/item6.fbx using Guid(bf35856cd2565604b8f8f3ee7af8d6ca) Importer(815301076,1909f56bfc062723c751e8b465ee728b)  -> (artifact id: '23126f68ef182a07d034bd572781ce65') in 0.242255 seconds 
========================================================================
Received Import Request.
  Time since last request: 444.388538 seconds.
  path: Assets/3D/item1.fbx
  artifactKey: Guid(2caea51b9ddb92743bdb0d2e6b638b9d) Importer(815301076,1909f56bfc062723c751e8b465ee728b)
Start importing Assets/3D/item1.fbx using Guid(2caea51b9ddb92743bdb0d2e6b638b9d) Importer(815301076,1909f56bfc062723c751e8b465ee728b)  -> (artifact id: 'f1bbd39964c79de4fa4145ffd882abc4') in 0.091324 seconds 
========================================================================
Received Import Request.
  Time since last request: 0.000149 seconds.
  path: Assets/3D/item7.fbx
  artifactKey: Guid(ec5fa010975f35b4181dca1f2cc27a0f) Importer(815301076,1909f56bfc062723c751e8b465ee728b)
Start importing Assets/3D/item7.fbx using Guid(ec5fa010975f35b4181dca1f2cc27a0f) Importer(815301076,1909f56bfc062723c751e8b465ee728b)  -> (artifact id: '9def128bc56414b0a5f6fab9e03697f2') in 0.079237 seconds 
========================================================================
Received Import Request.
  Time since last request: 0.006185 seconds.
  path: Assets/3D/item10.fbx
  artifactKey: Guid(1a50811a991815e41a564185e37e5807) Importer(815301076,1909f56bfc062723c751e8b465ee728b)
Start importing Assets/3D/item10.fbx using Guid(1a50811a991815e41a564185e37e5807) Importer(815301076,1909f56bfc062723c751e8b465ee728b)  -> (artifact id: '3bf7d2793f8566abb3f0b258eed4ecbc') in 0.074695 seconds 
========================================================================
Received Import Request.
  Time since last request: 0.000058 seconds.
  path: Assets/3D/item4.fbx
  artifactKey: Guid(378318c520c66ae4e84fb89eb91d0962) Importer(815301076,1909f56bfc062723c751e8b465ee728b)
Start importing Assets/3D/item4.fbx using Guid(378318c520c66ae4e84fb89eb91d0962) Importer(815301076,1909f56bfc062723c751e8b465ee728b)  -> (artifact id: '2e3d745746cb12ef00d711d9b7aaf273') in 0.071023 seconds 
========================================================================
Received Import Request.
  Time since last request: 0.000110 seconds.
  path: Assets/3D/item8.fbx
  artifactKey: Guid(897089b20e449604caef74bb09b33165) Importer(815301076,1909f56bfc062723c751e8b465ee728b)
Start importing Assets/3D/item8.fbx using Guid(897089b20e449604caef74bb09b33165) Importer(815301076,1909f56bfc062723c751e8b465ee728b)  -> (artifact id: 'bda826898fdc420f9b056475a8f3bf87') in 0.070505 seconds 
Editor requested this worker to shutdown with reason: Scaling down because of idle timeout
AssetImportWorkerClient::OnTransportError - code=2 error=End of file
AssetImportWorker is now disconnected from the server
Process exiting
Exiting without the bug reporter. Application will terminate with return code 0